2020-09-14 10:56:40-log: [Package] ui-kit@1.0.0 enable
2020-09-14 10:56:40-log: [Package] ipc@1.0.0 enable
2020-09-14 10:56:40-log: [Package] tester@1.0.0 enable
2020-09-14 10:56:43-log: [Package] engine@1.0.0 enable
2020-09-14 10:56:40-log: [Package] preferences@1.0.0 enable
2020-09-14 10:56:43-log: [Package] scene@1.0.0 enable
2020-09-14 10:56:43-log: [Package] asset-db@1.0.0 enable
2020-09-14 10:56:43-log: [Package] packager@1.0.0 enable
2020-09-14 10:56:43-log: [Package] project-setting@1.0.0 enable
2020-09-14 10:56:43-log: [Package] about@1.0.0 enable
2020-09-14 10:56:43-log: [Package] console@1.0.0 enable
2020-09-14 10:56:43-log: [Package] profile@1.0.0 enable
2020-09-14 10:56:43-log: [Package] utils@1.0.0 enable
2020-09-14 10:56:43-log: [Package] server@1.0.0 enable
2020-09-14 10:56:43-log: [Package] assets@1.0.0 enable
2020-09-14 10:56:43-log: [Package] animator@1.0.0 enable
2020-09-14 10:56:43-log: [Package] hierarchy@1.0.0 enable
2020-09-14 10:56:43-log: [Package] inspector@1.0.0 enable
2020-09-14 10:56:44-log: [Package] builder@1.0.0 enable
2020-09-14 10:56:44-log: [Package] lightmap@1.0.0 enable
2020-09-14 10:56:44-log: [Package] android@1.0.0 enable
2020-09-14 10:56:44-log: [Package] alipay-mini-game@1.0.0 enable
2020-09-14 10:56:44-log: [Package] baidu-mini-game@1.0.0 enable
2020-09-14 10:56:44-log: [Package] bytedance-mini-game@1.0.0 enable
2020-09-14 10:56:44-log: [Package] cocos-play@1.0.0 enable
2020-09-14 10:56:44-log: [Package] huawei-mini-game@1.0.0 enable
2020-09-14 10:56:44-log: [Package] ios@1.0.0 enable
2020-09-14 10:56:44-log: [Package] mac@1.0.0 enable
2020-09-14 10:56:44-log: [Package] native@1.0.0 enable
2020-09-14 10:56:44-log: [Package] oppo-mini-game@1.0.0 enable
2020-09-14 10:56:44-log: [Package] vivo-mini-game@1.0.0 enable
2020-09-14 10:56:44-log: [Package] web-desktop@1.0.0 enable
2020-09-14 10:56:43-log: [Package] preview@1.0.0 enable
2020-09-14 10:56:43-warn: Port 7456 is occupied
2020-09-14 10:56:44-log: [Package] web-mobile@1.0.0 enable
2020-09-14 10:56:44-log: [Package] wechatgame@1.0.0 enable
2020-09-14 10:56:44-log: [Package] windows@1.0.0 enable
2020-09-14 10:56:44-log: [Package] xiaomi-quick-game@1.0.0 enable
2020-09-14 11:20:22-warn: [Asset DB] Browserslist: caniuse-lite is outdated. Please run the following command: `npx browserslist --update-db`
